<?xml version="1.0" encoding="UTF-8"?>
<testng-results ignored="0" total="1" passed="1" failed="0" skipped="0">
  <reporter-output>
  </reporter-output>
  <suite started-at="2025-03-21T10:07:46 GMT+07:00" name="Smoky" finished-at="2025-03-21T10:07:53 GMT+07:00" duration-ms="7718">
    <groups>
    </groups>
    <test started-at="2025-03-21T10:07:46 GMT+07:00" name="Smoky" finished-at="2025-03-21T10:07:53 GMT+07:00" duration-ms="7718">
      <class name="com.internet.tests.MultipleWindowsTests">
        <test-method is-config="true" signature="init()[pri:0, instance:com.internet.tests.MultipleWindowsTests@2e6a8155]" started-at="2025-03-21T10:07:46 GMT+07:00" name="init" finished-at="2025-03-21T10:07:53 GMT+07:00" duration-ms="7056" status="PASS">
          <reporter-output>
          </reporter-output>
        </test-method> <!-- init -->
        <test-method is-config="true" signature="preconditions()[pri:0, instance:com.internet.tests.MultipleWindowsTests@2e6a8155]" started-at="2025-03-21T10:07:53 GMT+07:00" name="preconditions" finished-at="2025-03-21T10:07:53 GMT+07:00" duration-ms="277" status="PASS">
          <reporter-output>
          </reporter-output>
        </test-method> <!-- preconditions -->
        <test-method signature="newWindowTest()[pri:0, instance:com.internet.tests.MultipleWindowsTests@2e6a8155]" started-at="2025-03-21T10:07:53 GMT+07:00" name="newWindowTest" finished-at="2025-03-21T10:07:53 GMT+07:00" duration-ms="262" status="PASS">
          <reporter-output>
          </reporter-output>
        </test-method> <!-- newWindowTest -->
        <test-method is-config="true" signature="tearDown()[pri:0, instance:com.internet.tests.MultipleWindowsTests@2e6a8155]" started-at="2025-03-21T10:07:53 GMT+07:00" name="tearDown" finished-at="2025-03-21T10:07:53 GMT+07:00" duration-ms="92" status="PASS">
          <reporter-output>
          </reporter-output>
        </test-method> <!-- tearDown -->
      </class> <!-- com.internet.tests.MultipleWindowsTests -->
    </test> <!-- Smoky -->
  </suite> <!-- Smoky -->
</testng-results>
